<?xml version="1.0" encoding="UTF-8"?>
<testsuite name="inkball.AppTest" tests="7" skipped="0" failures="1" errors="0" timestamp="2024-10-27T08:16:41" hostname="as-MacBook-Pro.lan" time="1.373">
  <properties/>
  <testcase name="testBallAbsorption()" classname="inkball.AppTest" time="0.715"/>
  <testcase name="testLoadLevelConfig()" classname="inkball.AppTest" time="0.106"/>
  <testcase name="testDrawSpeedBoost()" classname="inkball.AppTest" time="0.122"/>
  <testcase name="testRestartLevel()" classname="inkball.AppTest" time="0.133"/>
  <testcase name="testKeyPressedR()" classname="inkball.AppTest" time="0.136"/>
  <testcase name="testScoreUpdateForAbsorption()" classname="inkball.AppTest" time="0.067">
    <failure message="org.opentest4j.AssertionFailedError: Score should update correctly after ball absorption. ==&gt; expected: &lt;10&gt; but was: &lt;0&gt;" type="org.opentest4j.AssertionFailedError">org.opentest4j.AssertionFailedError: Score should update correctly after ball absorption. ==&gt; expected: &lt;10&gt; but was: &lt;0&gt;
	at org.junit.jupiter.api.AssertionUtils.fail(AssertionUtils.java:55)
	at org.junit.jupiter.api.AssertionUtils.failNotEqual(AssertionUtils.java:62)
	at org.junit.jupiter.api.AssertEquals.assertEquals(AssertEquals.java:150)
	at org.junit.jupiter.api.Assertions.assertEquals(Assertions.java:542)
	at inkball.AppTest.testScoreUpdateForAbsorption(apptest.java:75)
	at sun.reflect.NativeMethodAccessorImpl.invoke0(Native Method)
	at sun.reflect.NativeMethodAccessorImpl.invoke(NativeMethodAccessorImpl.java:62)
	at sun.reflect.DelegatingMethodAccessorImpl.invoke(DelegatingMethodAccessorImpl.java:43)
	at java.lang.reflect.Method.invoke(Method.java:498)
	at org.junit.platform.commons.util.ReflectionUtils.invokeMethod(ReflectionUtils.java:686)
	at org.junit.jupiter.engine.execution.MethodInvocation.proceed(MethodInvocation.java:60)
	at org.junit.jupiter.engine.execution.InvocationInterceptorChain$ValidatingInvocation.proceed(InvocationInterceptorChain.java:131)
	at org.junit.jupiter.engine.extension.TimeoutExtension.intercept(TimeoutExtension.java:149)
	at org.junit.jupiter.engine.extension.TimeoutExtension.interceptTestableMethod(TimeoutExtension.java:140)
	at org.junit.jupiter.engine.extension.TimeoutExtension.interceptTestMethod(TimeoutExtension.java:84)
	at org.junit.jupiter.engine.execution.ExecutableInvoker$ReflectiveInterceptorCall.lambda$ofVoidMethod$0(ExecutableInvoker.java:115)
	at org.junit.jupiter.engine.execution.ExecutableInvoker.lambda$invoke$0(ExecutableInvoker.java:105)
	at org.junit.jupiter.engine.execution.InvocationInterceptorChain$InterceptedInvocation.proceed(InvocationInterceptorChain.java:106)
	at org.junit.jupiter.engine.execution.InvocationInterceptorChain.proceed(InvocationInterceptorChain.java:64)
	at org.junit.jupiter.engine.execution.InvocationInterceptorChain.chainAndInvoke(InvocationInterceptorChain.java:45)
	at org.junit.jupiter.engine.execution.InvocationInterceptorChain.invoke(InvocationInterceptorChain.java:37)
	at org.junit.jupiter.engine.execution.ExecutableInvoker.invoke(ExecutableInvoker.java:104)
	at org.junit.jupiter.engine.execution.ExecutableInvoker.invoke(ExecutableInvoker.java:98)
	at org.junit.jupiter.engine.descriptor.TestMethodTestDescriptor.lambda$invokeTestMethod$6(TestMethodTestDescriptor.java:212)
	at org.junit.platform.engine.support.hierarchical.ThrowableCollector.execute(ThrowableCollector.java:73)
	at org.junit.jupiter.engine.descriptor.TestMethodTestDescriptor.invokeTestMethod(TestMethodTestDescriptor.java:208)
	at org.junit.jupiter.engine.descriptor.TestMethodTestDescriptor.execute(TestMethodTestDescriptor.java:137)
	at org.junit.jupiter.engine.descriptor.TestMethodTestDescriptor.execute(TestMethodTestDescriptor.java:71)
	at org.junit.platform.engine.support.hierarchical.NodeTestTask.lambda$executeRecursively$5(NodeTestTask.java:135)
	at org.junit.platform.engine.support.hierarchical.ThrowableCollector.execute(ThrowableCollector.java:73)
	at org.junit.platform.engine.support.hierarchical.NodeTestTask.lambda$executeRecursively$7(NodeTestTask.java:125)
	at org.junit.platform.engine.support.hierarchical.Node.around(Node.java:135)
	at org.junit.platform.engine.support.hierarchical.NodeTestTask.lambda$executeRecursively$8(NodeTestTask.java:123)
	at org.junit.platform.engine.support.hierarchical.ThrowableCollector.execute(ThrowableCollector.java:73)
	at org.junit.platform.engine.support.hierarchical.NodeTestTask.executeRecursively(NodeTestTask.java:122)
	at org.junit.platform.engine.support.hierarchical.NodeTestTask.execute(NodeTestTask.java:80)
	at java.util.ArrayList.forEach(ArrayList.java:1259)
	at org.junit.platform.engine.support.hierarchical.SameThreadHierarchicalTestExecutorService.invokeAll(SameThreadHierarchicalTestExecutorService.java:38)
	at org.junit.platform.engine.support.hierarchical.NodeTestTask.lambda$executeRecursively$5(NodeTestTask.java:139)
	at org.junit.platform.engine.support.hierarchical.ThrowableCollector.execute(ThrowableCollector.java:73)
	at org.junit.platform.engine.support.hierarchical.NodeTestTask.lambda$executeRecursively$7(NodeTestTask.java:125)
	at org.junit.platform.engine.support.hierarchical.Node.around(Node.java:135)
	at org.junit.platform.engine.support.hierarchical.NodeTestTask.lambda$executeRecursively$8(NodeTestTask.java:123)
	at org.junit.platform.engine.support.hierarchical.ThrowableCollector.execute(ThrowableCollector.java:73)
	at org.junit.platform.engine.support.hierarchical.NodeTestTask.executeRecursively(NodeTestTask.java:122)
	at org.junit.platform.engine.support.hierarchical.NodeTestTask.execute(NodeTestTask.java:80)
	at java.util.ArrayList.forEach(ArrayList.java:1259)
	at org.junit.platform.engine.support.hierarchical.SameThreadHierarchicalTestExecutorService.invokeAll(SameThreadHierarchicalTestExecutorService.java:38)
	at org.junit.platform.engine.support.hierarchical.NodeTestTask.lambda$executeRecursively$5(NodeTestTask.java:139)
	at org.junit.platform.engine.support.hierarchical.ThrowableCollector.execute(ThrowableCollector.java:73)
	at org.junit.platform.engine.support.hierarchical.NodeTestTask.lambda$executeRecursively$7(NodeTestTask.java:125)
	at org.junit.platform.engine.support.hierarchical.Node.around(Node.java:135)
	at org.junit.platform.engine.support.hierarchical.NodeTestTask.lambda$executeRecursively$8(NodeTestTask.java:123)
	at org.junit.platform.engine.support.hierarchical.ThrowableCollector.execute(ThrowableCollector.java:73)
	at org.junit.platform.engine.support.hierarchical.NodeTestTask.executeRecursively(NodeTestTask.java:122)
	at org.junit.platform.engine.support.hierarchical.NodeTestTask.execute(NodeTestTask.java:80)
	at org.junit.platform.engine.support.hierarchical.SameThreadHierarchicalTestExecutorService.submit(SameThreadHierarchicalTestExecutorService.java:32)
	at org.junit.platform.engine.support.hierarchical.HierarchicalTestExecutor.execute(HierarchicalTestExecutor.java:57)
	at org.junit.platform.engine.support.hierarchical.HierarchicalTestEngine.execute(HierarchicalTestEngine.java:51)
	at org.junit.platform.launcher.core.EngineExecutionOrchestrator.execute(EngineExecutionOrchestrator.java:107)
	at org.junit.platform.launcher.core.EngineExecutionOrchestrator.execute(EngineExecutionOrchestrator.java:88)
	at org.junit.platform.launcher.core.EngineExecutionOrchestrator.lambda$execute$0(EngineExecutionOrchestrator.java:54)
	at org.junit.platform.launcher.core.EngineExecutionOrchestrator.withInterceptedStreams(EngineExecutionOrchestrator.java:67)
	at org.junit.platform.launcher.core.EngineExecutionOrchestrator.execute(EngineExecutionOrchestrator.java:52)
	at org.junit.platform.launcher.core.DefaultLauncher.execute(DefaultLauncher.java:114)
	at org.junit.platform.launcher.core.DefaultLauncher.execute(DefaultLauncher.java:86)
	at org.junit.platform.launcher.core.DefaultLauncherSession$DelegatingLauncher.execute(DefaultLauncherSession.java:86)
	at org.gradle.api.internal.tasks.testing.junitplatform.JUnitPlatformTestClassProcessor$CollectAllTestClassesExecutor.processAllTestClasses(JUnitPlatformTestClassProcessor.java:124)
	at org.gradle.api.internal.tasks.testing.junitplatform.JUnitPlatformTestClassProcessor$CollectAllTestClassesExecutor.access$000(JUnitPlatformTestClassProcessor.java:99)
	at org.gradle.api.internal.tasks.testing.junitplatform.JUnitPlatformTestClassProcessor.stop(JUnitPlatformTestClassProcessor.java:94)
	at org.gradle.api.internal.tasks.testing.SuiteTestClassProcessor.stop(SuiteTestClassProcessor.java:63)
	at sun.reflect.NativeMethodAccessorImpl.invoke0(Native Method)
	at sun.reflect.NativeMethodAccessorImpl.invoke(NativeMethodAccessorImpl.java:62)
	at sun.reflect.DelegatingMethodAccessorImpl.invoke(DelegatingMethodAccessorImpl.java:43)
	at java.lang.reflect.Method.invoke(Method.java:498)
	at org.gradle.internal.dispatch.ReflectionDispatch.dispatch(ReflectionDispatch.java:36)
	at org.gradle.internal.dispatch.ReflectionDispatch.dispatch(ReflectionDispatch.java:24)
	at org.gradle.internal.dispatch.ContextClassLoaderDispatch.dispatch(ContextClassLoaderDispatch.java:33)
	at org.gradle.internal.dispatch.ProxyDispatchAdapter$DispatchingInvocationHandler.invoke(ProxyDispatchAdapter.java:92)
	at com.sun.proxy.$Proxy4.stop(Unknown Source)
	at org.gradle.api.internal.tasks.testing.worker.TestWorker$3.run(TestWorker.java:200)
	at org.gradle.api.internal.tasks.testing.worker.TestWorker.executeAndMaintainThreadName(TestWorker.java:132)
	at org.gradle.api.internal.tasks.testing.worker.TestWorker.execute(TestWorker.java:103)
	at org.gradle.api.internal.tasks.testing.worker.TestWorker.execute(TestWorker.java:63)
	at org.gradle.process.internal.worker.child.ActionExecutionWorker.execute(ActionExecutionWorker.java:56)
	at org.gradle.process.internal.worker.child.SystemApplicationClassLoaderWorker.call(SystemApplicationClassLoaderWorker.java:121)
	at org.gradle.process.internal.worker.child.SystemApplicationClassLoaderWorker.call(SystemApplicationClassLoaderWorker.java:71)
	at worker.org.gradle.process.internal.worker.GradleWorkerMain.run(GradleWorkerMain.java:69)
	at worker.org.gradle.process.internal.worker.GradleWorkerMain.main(GradleWorkerMain.java:74)
</failure>
  </testcase>
  <testcase name="testSpawnerHandling()" classname="inkball.AppTest" time="0.086"/>
  <system-out><![CDATA[Spawners found: 7
Spawners found: 7
Spawners found: 1
Spawners found: 0
Spawners found: 4
Spawners found: 1
Spawners found: 8
Spawners found: 8
Spawners found: 1
Spawners found: 0
Spawners found: 4
Spawners found: 1
Spawners found: 4
Spawners found: 8
Spawners found: 8
Spawners found: 1
Spawners found: 4
Spawners found: 8
Spawners found: 8
Spawners found: 1
Spawners found: 8
Spawners found: 8
Spawners found: 1
]]></system-out>
  <system-err><![CDATA[The file "/Users/a/Downloads/inkball_scaffold/src/main/resources/inkball/upArrow.png" is missing or inaccessible, make sure the URL is valid or that the file has been added to your sketch and is readable.
The file "/Users/a/Downloads/inkball_scaffold/src/main/resources/inkball/upArrow.png" is missing or inaccessible, make sure the URL is valid or that the file has been added to your sketch and is readable.
The file "/Users/a/Downloads/inkball_scaffold/src/main/resources/inkball/downArrow.png" is missing or inaccessible, make sure the URL is valid or that the file has been added to your sketch and is readable.
The file "/Users/a/Downloads/inkball_scaffold/src/main/resources/inkball/downArrow.png" is missing or inaccessible, make sure the URL is valid or that the file has been added to your sketch and is readable.
The file "/Users/a/Downloads/inkball_scaffold/src/main/resources/inkball/leftArrow.png" is missing or inaccessible, make sure the URL is valid or that the file has been added to your sketch and is readable.
The file "/Users/a/Downloads/inkball_scaffold/src/main/resources/inkball/leftArrow.png" is missing or inaccessible, make sure the URL is valid or that the file has been added to your sketch and is readable.
The file "/Users/a/Downloads/inkball_scaffold/src/main/resources/inkball/rightArrow.png" is missing or inaccessible, make sure the URL is valid or that the file has been added to your sketch and is readable.
The file "/Users/a/Downloads/inkball_scaffold/src/main/resources/inkball/rightArrow.png" is missing or inaccessible, make sure the URL is valid or that the file has been added to your sketch and is readable.
The file "/Users/a/Downloads/inkball_scaffold/src/main/resources/inkball/upArrow.png" is missing or inaccessible, make sure the URL is valid or that the file has been added to your sketch and is readable.
The file "/Users/a/Downloads/inkball_scaffold/src/main/resources/inkball/upArrow.png" is missing or inaccessible, make sure the URL is valid or that the file has been added to your sketch and is readable.
The file "/Users/a/Downloads/inkball_scaffold/src/main/resources/inkball/downArrow.png" is missing or inaccessible, make sure the URL is valid or that the file has been added to your sketch and is readable.
The file "/Users/a/Downloads/inkball_scaffold/src/main/resources/inkball/downArrow.png" is missing or inaccessible, make sure the URL is valid or that the file has been added to your sketch and is readable.
The file "/Users/a/Downloads/inkball_scaffold/src/main/resources/inkball/leftArrow.png" is missing or inaccessible, make sure the URL is valid or that the file has been added to your sketch and is readable.
The file "/Users/a/Downloads/inkball_scaffold/src/main/resources/inkball/leftArrow.png" is missing or inaccessible, make sure the URL is valid or that the file has been added to your sketch and is readable.
The file "/Users/a/Downloads/inkball_scaffold/src/main/resources/inkball/rightArrow.png" is missing or inaccessible, make sure the URL is valid or that the file has been added to your sketch and is readable.
The file "/Users/a/Downloads/inkball_scaffold/src/main/resources/inkball/rightArrow.png" is missing or inaccessible, make sure the URL is valid or that the file has been added to your sketch and is readable.
The file "/Users/a/Downloads/inkball_scaffold/src/main/resources/inkball/upArrow.png" is missing or inaccessible, make sure the URL is valid or that the file has been added to your sketch and is readable.
The file "/Users/a/Downloads/inkball_scaffold/src/main/resources/inkball/downArrow.png" is missing or inaccessible, make sure the URL is valid or that the file has been added to your sketch and is readable.
The file "/Users/a/Downloads/inkball_scaffold/src/main/resources/inkball/leftArrow.png" is missing or inaccessible, make sure the URL is valid or that the file has been added to your sketch and is readable.
The file "/Users/a/Downloads/inkball_scaffold/src/main/resources/inkball/rightArrow.png" is missing or inaccessible, make sure the URL is valid or that the file has been added to your sketch and is readable.
The file "/Users/a/Downloads/inkball_scaffold/src/main/resources/inkball/upArrow.png" is missing or inaccessible, make sure the URL is valid or that the file has been added to your sketch and is readable.
The file "/Users/a/Downloads/inkball_scaffold/src/main/resources/inkball/downArrow.png" is missing or inaccessible, make sure the URL is valid or that the file has been added to your sketch and is readable.
The file "/Users/a/Downloads/inkball_scaffold/src/main/resources/inkball/leftArrow.png" is missing or inaccessible, make sure the URL is valid or that the file has been added to your sketch and is readable.
The file "/Users/a/Downloads/inkball_scaffold/src/main/resources/inkball/rightArrow.png" is missing or inaccessible, make sure the URL is valid or that the file has been added to your sketch and is readable.
The file "/Users/a/Downloads/inkball_scaffold/src/main/resources/inkball/upArrow.png" is missing or inaccessible, make sure the URL is valid or that the file has been added to your sketch and is readable.
The file "/Users/a/Downloads/inkball_scaffold/src/main/resources/inkball/downArrow.png" is missing or inaccessible, make sure the URL is valid or that the file has been added to your sketch and is readable.
The file "/Users/a/Downloads/inkball_scaffold/src/main/resources/inkball/leftArrow.png" is missing or inaccessible, make sure the URL is valid or that the file has been added to your sketch and is readable.
The file "/Users/a/Downloads/inkball_scaffold/src/main/resources/inkball/upArrow.png" is missing or inaccessible, make sure the URL is valid or that the file has been added to your sketch and is readable.
The file "/Users/a/Downloads/inkball_scaffold/src/main/resources/inkball/rightArrow.png" is missing or inaccessible, make sure the URL is valid or that the file has been added to your sketch and is readable.
The file "/Users/a/Downloads/inkball_scaffold/src/main/resources/inkball/downArrow.png" is missing or inaccessible, make sure the URL is valid or that the file has been added to your sketch and is readable.
The file "/Users/a/Downloads/inkball_scaffold/src/main/resources/inkball/leftArrow.png" is missing or inaccessible, make sure the URL is valid or that the file has been added to your sketch and is readable.
The file "/Users/a/Downloads/inkball_scaffold/src/main/resources/inkball/rightArrow.png" is missing or inaccessible, make sure the URL is valid or that the file has been added to your sketch and is readable.
The file "/Users/a/Downloads/inkball_scaffold/src/main/resources/inkball/upArrow.png" is missing or inaccessible, make sure the URL is valid or that the file has been added to your sketch and is readable.
The file "/Users/a/Downloads/inkball_scaffold/src/main/resources/inkball/upArrow.png" is missing or inaccessible, make sure the URL is valid or that the file has been added to your sketch and is readable.
The file "/Users/a/Downloads/inkball_scaffold/src/main/resources/inkball/downArrow.png" is missing or inaccessible, make sure the URL is valid or that the file has been added to your sketch and is readable.
The file "/Users/a/Downloads/inkball_scaffold/src/main/resources/inkball/downArrow.png" is missing or inaccessible, make sure the URL is valid or that the file has been added to your sketch and is readable.
The file "/Users/a/Downloads/inkball_scaffold/src/main/resources/inkball/leftArrow.png" is missing or inaccessible, make sure the URL is valid or that the file has been added to your sketch and is readable.
The file "/Users/a/Downloads/inkball_scaffold/src/main/resources/inkball/leftArrow.png" is missing or inaccessible, make sure the URL is valid or that the file has been added to your sketch and is readable.
The file "/Users/a/Downloads/inkball_scaffold/src/main/resources/inkball/rightArrow.png" is missing or inaccessible, make sure the URL is valid or that the file has been added to your sketch and is readable.
The file "/Users/a/Downloads/inkball_scaffold/src/main/resources/inkball/rightArrow.png" is missing or inaccessible, make sure the URL is valid or that the file has been added to your sketch and is readable.
The file "/Users/a/Downloads/inkball_scaffold/src/main/resources/inkball/upArrow.png" is missing or inaccessible, make sure the URL is valid or that the file has been added to your sketch and is readable.
The file "/Users/a/Downloads/inkball_scaffold/src/main/resources/inkball/upArrow.png" is missing or inaccessible, make sure the URL is valid or that the file has been added to your sketch and is readable.
The file "/Users/a/Downloads/inkball_scaffold/src/main/resources/inkball/downArrow.png" is missing or inaccessible, make sure the URL is valid or that the file has been added to your sketch and is readable.
The file "/Users/a/Downloads/inkball_scaffold/src/main/resources/inkball/downArrow.png" is missing or inaccessible, make sure the URL is valid or that the file has been added to your sketch and is readable.
The file "/Users/a/Downloads/inkball_scaffold/src/main/resources/inkball/leftArrow.png" is missing or inaccessible, make sure the URL is valid or that the file has been added to your sketch and is readable.
The file "/Users/a/Downloads/inkball_scaffold/src/main/resources/inkball/leftArrow.png" is missing or inaccessible, make sure the URL is valid or that the file has been added to your sketch and is readable.
The file "/Users/a/Downloads/inkball_scaffold/src/main/resources/inkball/rightArrow.png" is missing or inaccessible, make sure the URL is valid or that the file has been added to your sketch and is readable.
The file "/Users/a/Downloads/inkball_scaffold/src/main/resources/inkball/rightArrow.png" is missing or inaccessible, make sure the URL is valid or that the file has been added to your sketch and is readable.
The file "/Users/a/Downloads/inkball_scaffold/src/main/resources/inkball/upArrow.png" is missing or inaccessible, make sure the URL is valid or that the file has been added to your sketch and is readable.
The file "/Users/a/Downloads/inkball_scaffold/src/main/resources/inkball/upArrow.png" is missing or inaccessible, make sure the URL is valid or that the file has been added to your sketch and is readable.
The file "/Users/a/Downloads/inkball_scaffold/src/main/resources/inkball/downArrow.png" is missing or inaccessible, make sure the URL is valid or that the file has been added to your sketch and is readable.
The file "/Users/a/Downloads/inkball_scaffold/src/main/resources/inkball/downArrow.png" is missing or inaccessible, make sure the URL is valid or that the file has been added to your sketch and is readable.
The file "/Users/a/Downloads/inkball_scaffold/src/main/resources/inkball/leftArrow.png" is missing or inaccessible, make sure the URL is valid or that the file has been added to your sketch and is readable.
The file "/Users/a/Downloads/inkball_scaffold/src/main/resources/inkball/leftArrow.png" is missing or inaccessible, make sure the URL is valid or that the file has been added to your sketch and is readable.
The file "/Users/a/Downloads/inkball_scaffold/src/main/resources/inkball/rightArrow.png" is missing or inaccessible, make sure the URL is valid or that the file has been added to your sketch and is readable.
The file "/Users/a/Downloads/inkball_scaffold/src/main/resources/inkball/rightArrow.png" is missing or inaccessible, make sure the URL is valid or that the file has been added to your sketch and is readable.
]]></system-err>
</testsuite>
